<?xml version="1.0" encoding="UTF-8"?>
<testsuite name="Login into the application" tests="1" skipped="0" failures="1" errors="0" timestamp="2021-07-16T05:41:38" hostname="DESKTOP-LHLIBAN" time="14.514">
  <properties/>
  <testcase name="Successful login" classname="Login into the application" time="14.514">
    <failure message="java.lang.AssertionError: &#10;Expected: &quot;$17,800&quot;&#10;     but: was &quot;\n                          $17,800\n                        &quot;" type="java.lang.AssertionError">java.lang.AssertionError: 
Expected: &quot;$17,800&quot;
     but: was &quot;\n                          $17,800\n                        &quot;
	at net.serenitybdd.screenplay.ErrorTally.throwSummaryExceptionFrom(ErrorTally.java:36)
	at net.serenitybdd.screenplay.ErrorTally.reportAnyErrors(ErrorTally.java:30)
	at net.serenitybdd.screenplay.Actor.should(Actor.java:316)
	at starter.stepdefinitions.LoginStepDefinitions.he_should_have_access_to_manage_his_account(LoginStepDefinitions.java:47)
	at ✽.he should have access to manage his account(file:src/test/resources/features/login/login.feature:6)
</failure>
  </testcase>
  <system-out><![CDATA[Feature: Login into the application

  Scenario: Successful login                         ?[90m# src/test/resources/features/login/login.feature:3?[0m
00:41:38.319 [Test worker] INFO   - 
 _____ _____ ____ _____   ____ _____  _    ____ _____ _____ ____  
|_   _| ____/ ___|_   _| / ___|_   _|/ \  |  _ \_   _| ____|  _ \ 
  | | |  _| \___ \ | |   \___ \ | | / _ \ | |_) || | |  _| | | | |
  | | | |___ ___) || |    ___) || |/ ___ \|  _ < | | | |___| |_| |
  |_| |_____|____/ |_|   |____/ |_/_/   \_\_| \_\|_| |_____|____/ 

Successful login(login-into-the-application;successful-login)
-------------------------------------------------------------------
    ?[32mGiven ?[0m?[32m?[0m?[32m?[1mPepito?[0m?[32m has an active account?[0m               ?[90m# LoginStepDefinitions.pepito_has_an_active_account(String)?[0m
00:41:40.513 [Test worker] INFO  n.s.c.w.d.ProvideNewDriver - Instantiating driver
00:41:40.514 [Test worker] INFO  n.s.c.w.d.ProvideNewDriver - Driver capabilities: Capabilities {acceptInsecureCerts: false, browserName: chrome, chrome.switches: --start-maximized;--test-ty..., goog:chromeOptions: {args: [--start-maximized, --test-type, --no-sandbox, --ignore-certificate-errors..., --disable-popup-blocking, --disable-default-apps, --disable-extensions-file-a..., --incognito, --disable-infobars, --disable-gpu], extensions: []}, loggingPrefs: org.openqa.selenium.logging..., platform: ANY, version: }
    ?[32mWhen ?[0m?[32mhe sends their valid credentials?[0m            ?[90m# LoginStepDefinitions.he_sends_their_valid_credentials()?[0m
    ?[31mThen ?[0m?[31mhe should have access to manage his account?[0m ?[90m# LoginStepDefinitions.he_should_have_access_to_manage_his_account()?[0m
      ?[31mjava.lang.AssertionError: 
Expected: "$17,800"
     but: was "\n                          $17,800\n                        "
	at net.serenitybdd.screenplay.ErrorTally.throwSummaryExceptionFrom(ErrorTally.java:36)
	at net.serenitybdd.screenplay.ErrorTally.reportAnyErrors(ErrorTally.java:30)
	at net.serenitybdd.screenplay.Actor.should(Actor.java:316)
	at starter.stepdefinitions.LoginStepDefinitions.he_should_have_access_to_manage_his_account(LoginStepDefinitions.java:47)
	at ?.he should have access to manage his account(file:src/test/resources/features/login/login.feature:6)
?[0m
]]></system-out>
  <system-err><![CDATA[jul 16, 2021 12:41:39 AM org.openqa.selenium.remote.DesiredCapabilities chrome
INFORMACIÓN: Using `new ChromeOptions()` is preferred to `DesiredCapabilities.chrome()`
Starting ChromeDriver 91.0.4472.101 (af52a90bf87030dd1523486a1cd3ae25c5d76c9b-refs/branch-heads/4472@{#1462}) on port 47026
Only local connections are allowed.
Please see https://chromedriver.chromium.org/security-considerations for suggestions on keeping ChromeDriver safe.
ChromeDriver was started successfully.
jul 16, 2021 12:41:43 AM org.openqa.selenium.remote.ProtocolHandshake createSession
INFORMACIÓN: Detected dialect: W3C
]]></system-err>
</testsuite>
